Automated daily sync completed on Sat Feb 28 17:31:16 UTC 2026
Automated daily sync completed on Sun Mar  1 08:56:24 UTC 2026
Automated daily sync completed on Mon Mar  2 09:10:28 UTC 2026
Automated daily sync completed on Tue Mar  3 09:08:54 UTC 2026
Automated daily sync completed on Wed Mar  4 09:06:30 UTC 2026
Automated daily sync completed on Thu Mar  5 09:09:19 UTC 2026
Automated daily sync completed on Fri Mar  6 09:04:40 UTC 2026
Automated daily sync completed on Sat Mar  7 08:56:08 UTC 2026
Automated daily sync completed on Sun Mar  8 08:56:53 UTC 2026
Automated daily sync completed on Mon Mar  9 09:10:25 UTC 2026
Automated daily sync completed on Tue Mar 10 09:09:25 UTC 2026
Automated daily sync completed on Wed Mar 11 09:08:59 UTC 2026
Automated daily sync completed on Thu Mar 12 09:10:46 UTC 2026
Automated daily sync completed on Fri Mar 13 09:07:49 UTC 2026
Automated daily sync completed on Sat Mar 14 09:01:20 UTC 2026
Automated daily sync completed on Sun Mar 15 09:03:22 UTC 2026
Automated daily sync completed on Mon Mar 16 09:41:58 UTC 2026
Automated daily sync completed on Tue Mar 17 09:30:43 UTC 2026
Automated daily sync completed on Wed Mar 18 09:29:34 UTC 2026
Automated daily sync completed on Thu Mar 19 09:10:47 UTC 2026
Automated daily sync completed on Fri Mar 20 09:07:52 UTC 2026
Automated daily sync completed on Sat Mar 21 08:58:59 UTC 2026
Automated daily sync completed on Sun Mar 22 09:00:23 UTC 2026
Automated daily sync completed on Mon Mar 23 09:38:41 UTC 2026
Automated daily sync completed on Tue Mar 24 09:30:52 UTC 2026
Automated daily sync completed on Wed Mar 25 09:29:38 UTC 2026
Automated daily sync completed on Thu Mar 26 09:36:04 UTC 2026
Automated daily sync completed on Fri Mar 27 09:29:15 UTC 2026
